<?xml version="1.0" encoding="UTF-8"?>
<!-- Generated by org.testng.reporters.JUnitXMLReporter -->
<testsuite ignored="2" hostname="DESKTOP-3OCF0EL" failures="0" tests="13" name="Surefire test" time="0.036" errors="0" timestamp="19 Apr. 2020 21:56:10 GMT">
  <testcase classname="co.pragra.learning.fullstackqa.b15framework.testcases.ZoomLoginTest" name="@BeforeSuite setUp" time="0.014">
    <failure type="java.lang.IllegalStateException" message="The driver executable does not exist: C:\Automation\chromedriver">
      <![CDATA[java.lang.IllegalStateException: The driver executable does not exist: C:\Automation\chromedriver
at com.google.common.base.Preconditions.checkState(Preconditions.java:585)
at org.openqa.selenium.remote.service.DriverService.checkExecutable(DriverService.java:146)
at org.openqa.selenium.remote.service.DriverService.findExecutable(DriverService.java:141)
at org.openqa.selenium.chrome.ChromeDriverService.access$000(ChromeDriverService.java:35)
at org.openqa.selenium.chrome.ChromeDriverService$Builder.findDefaultExecutable(ChromeDriverService.java:159)
at org.openqa.selenium.remote.service.DriverService$Builder.build(DriverService.java:355)
at org.openqa.selenium.chrome.ChromeDriverService.createDefaultService(ChromeDriverService.java:94)
at org.openqa.selenium.chrome.ChromeDriver.<init>(ChromeDriver.java:123)
at co.pragra.learning.fullstackqa.b15framework.drivermanage.DriverManager.<init>(DriverManager.java:18)
at co.pragra.learning.fullstackqa.b15framework.drivermanage.DriverManager.getDriver(DriverManager.java:37)
at co.pragra.learning.fullstackqa.b15framework.testcases.ZoomLoginTest.setUp(ZoomLoginTest.java:17)
... Removed 25 stack frames]]>
    </failure>
  </testcase> <!-- @BeforeSuite setUp -->
  <testcase classname="co.pragra.learning.fullstackqa.b15framework.testcases.HomePageTest" name="testBroser" time="0.0">
    <skipped/>
  </testcase> <!-- testBroser -->
  <testcase classname="co.pragra.learning.fullstackqa.b15framework.testcases.TopNavBarTest" name="ContactSales" time="0.0">
    <skipped/>
  </testcase> <!-- ContactSales -->
  <testcase classname="co.pragra.learning.fullstackqa.b15framework.testcases.TopNavBarTest" name="JoinMeeting" time="0.0">
    <skipped/>
  </testcase> <!-- JoinMeeting -->
  <testcase classname="co.pragra.learning.fullstackqa.b15framework.testcases.TopNavBarTest" name="PlanPricing" time="0.0">
    <skipped/>
  </testcase> <!-- PlanPricing -->
  <testcase classname="co.pragra.learning.fullstackqa.b15framework.testcases.TopNavBarTest" name="clickOnDownloadZoom" time="0.0">
    <skipped/>
  </testcase> <!-- clickOnDownloadZoom -->
  <testcase classname="co.pragra.learning.fullstackqa.b15framework.testcases.TopNavBarTest" name="signInTest" time="0.0">
    <skipped/>
  </testcase> <!-- signInTest -->
  <testcase classname="co.pragra.learning.fullstackqa.b15framework.testcases.TopNavBarTest" name="testClickOnBlog" time="0.0">
    <skipped/>
  </testcase> <!-- testClickOnBlog -->
  <testcase classname="co.pragra.learning.fullstackqa.b15framework.testcases.TopNavBarTest" name="testClickOnFaq" time="0.0">
    <skipped/>
  </testcase> <!-- testClickOnFaq -->
  <testcase classname="co.pragra.learning.fullstackqa.b15framework.testcases.TopNavBarTest" name="testClickOnLiveTraining" time="0.0">
    <skipped/>
  </testcase> <!-- testClickOnLiveTraining -->
  <testcase classname="co.pragra.learning.fullstackqa.b15framework.testcases.TopNavBarTest" name="testClickOnRequestDemo" time="0.0">
    <skipped/>
  </testcase> <!-- testClickOnRequestDemo -->
  <testcase classname="co.pragra.learning.fullstackqa.b15framework.testcases.TopNavBarTest" name="testClickOnSupport" time="0.0">
    <skipped/>
  </testcase> <!-- testClickOnSupport -->
  <testcase classname="co.pragra.learning.fullstackqa.b15framework.testcases.TopNavBarTest" name="testClickOnVideoTutorial" time="0.0">
    <skipped/>
  </testcase> <!-- testClickOnVideoTutorial -->
  <testcase classname="co.pragra.learning.fullstackqa.b15framework.testcases.TopNavBarTest" name="testClickOnWebinarsEvents" time="0.0">
    <skipped/>
  </testcase> <!-- testClickOnWebinarsEvents -->
  <testcase classname="co.pragra.learning.fullstackqa.b15framework.testcases.HomePageTest" name="testBrosweProperty" time="0.0">
    <ignored/>
  </testcase> <!-- testBrosweProperty -->
  <testcase classname="co.pragra.learning.fullstackqa.b15framework.testcases.HomePageTest" name="nonExitenceKeytest" time="0.0">
    <ignored/>
  </testcase> <!-- nonExitenceKeytest -->
</testsuite> <!-- Surefire test -->
