<?xml version="1.0" encoding="UTF-8"?>
<testsuite xmlns:xsi="http://www.w3.org/2001/XMLSchema-instance" xsi:noNamespaceSchemaLocation="https://maven.apache.org/surefire/maven-surefire-plugin/xsd/surefire-test-report-3.0.xsd" version="3.0" name="TestSuite" time="12.471" tests="15" errors="0" skipped="14" failures="1">
  <properties>
    <property name="java.specification.version" value="13"/>
    <property name="webdriver.chrome.driver" value="C:\Automation\chromedriver"/>
    <property name="sun.cpu.isalist" value="amd64"/>
    <property name="sun.jnu.encoding" value="Cp1252"/>
    <property name="java.class.path" value="C:\Users\poona\IdeaProjects\selbatch19\target\test-classes;C:\Users\poona\IdeaProjects\selbatch19\target\classes;C:\Users\poona\.m2\repository\org\testng\testng\6.14.3\testng-6.14.3.jar;C:\Users\poona\.m2\repository\com\beust\jcommander\1.72\jcommander-1.72.jar;C:\Users\poona\.m2\repository\org\apache-extras\beanshell\bsh\2.0b6\bsh-2.0b6.jar;C:\Users\poona\.m2\repository\org\seleniumhq\selenium\selenium-java\3.141.5\selenium-java-3.141.5.jar;C:\Users\poona\.m2\repository\org\seleniumhq\selenium\selenium-api\3.141.5\selenium-api-3.141.5.jar;C:\Users\poona\.m2\repository\org\seleniumhq\selenium\selenium-chrome-driver\3.141.5\selenium-chrome-driver-3.141.5.jar;C:\Users\poona\.m2\repository\org\seleniumhq\selenium\selenium-edge-driver\3.141.5\selenium-edge-driver-3.141.5.jar;C:\Users\poona\.m2\repository\org\seleniumhq\selenium\selenium-firefox-driver\3.141.5\selenium-firefox-driver-3.141.5.jar;C:\Users\poona\.m2\repository\org\seleniumhq\selenium\selenium-ie-driver\3.141.5\selenium-ie-driver-3.141.5.jar;C:\Users\poona\.m2\repository\org\seleniumhq\selenium\selenium-opera-driver\3.141.5\selenium-opera-driver-3.141.5.jar;C:\Users\poona\.m2\repository\org\seleniumhq\selenium\selenium-remote-driver\3.141.5\selenium-remote-driver-3.141.5.jar;C:\Users\poona\.m2\repository\org\seleniumhq\selenium\selenium-safari-driver\3.141.5\selenium-safari-driver-3.141.5.jar;C:\Users\poona\.m2\repository\org\seleniumhq\selenium\selenium-support\3.141.5\selenium-support-3.141.5.jar;C:\Users\poona\.m2\repository\net\bytebuddy\byte-buddy\1.8.15\byte-buddy-1.8.15.jar;C:\Users\poona\.m2\repository\org\apache\commons\commons-exec\1.3\commons-exec-1.3.jar;C:\Users\poona\.m2\repository\com\google\guava\guava\25.0-jre\guava-25.0-jre.jar;C:\Users\poona\.m2\repository\com\google\code\findbugs\jsr305\1.3.9\jsr305-1.3.9.jar;C:\Users\poona\.m2\repository\org\checkerframework\checker-compat-qual\2.0.0\checker-compat-qual-2.0.0.jar;C:\Users\poona\.m2\repository\com\google\errorprone\error_prone_annotations\2.1.3\error_prone_annotations-2.1.3.jar;C:\Users\poona\.m2\repository\com\google\j2objc\j2objc-annotations\1.1\j2objc-annotations-1.1.jar;C:\Users\poona\.m2\repository\org\codehaus\mojo\animal-sniffer-annotations\1.14\animal-sniffer-annotations-1.14.jar;C:\Users\poona\.m2\repository\com\squareup\okhttp3\okhttp\3.11.0\okhttp-3.11.0.jar;C:\Users\poona\.m2\repository\com\squareup\okio\okio\1.14.0\okio-1.14.0.jar;C:\Users\poona\.m2\repository\org\apache\poi\poi\4.1.2\poi-4.1.2.jar;C:\Users\poona\.m2\repository\commons-codec\commons-codec\1.13\commons-codec-1.13.jar;C:\Users\poona\.m2\repository\org\apache\commons\commons-collections4\4.4\commons-collections4-4.4.jar;C:\Users\poona\.m2\repository\org\apache\commons\commons-math3\3.6.1\commons-math3-3.6.1.jar;C:\Users\poona\.m2\repository\com\zaxxer\SparseBitSet\1.2\SparseBitSet-1.2.jar;C:\Users\poona\.m2\repository\org\apache\poi\poi-ooxml\4.1.2\poi-ooxml-4.1.2.jar;C:\Users\poona\.m2\repository\org\apache\poi\poi-ooxml-schemas\4.1.2\poi-ooxml-schemas-4.1.2.jar;C:\Users\poona\.m2\repository\org\apache\xmlbeans\xmlbeans\3.1.0\xmlbeans-3.1.0.jar;C:\Users\poona\.m2\repository\org\apache\commons\commons-compress\1.19\commons-compress-1.19.jar;C:\Users\poona\.m2\repository\com\github\virtuald\curvesapi\1.06\curvesapi-1.06.jar;C:\Users\poona\.m2\repository\com\aventstack\extentreports\4.1.3\extentreports-4.1.3.jar;C:\Users\poona\.m2\repository\org\freemarker\freemarker\2.3.29\freemarker-2.3.29.jar;C:\Users\poona\.m2\repository\org\apache\httpcomponents\httpclient\4.5.2\httpclient-4.5.2.jar;C:\Users\poona\.m2\repository\org\apache\httpcomponents\httpcore\4.4.4\httpcore-4.4.4.jar;C:\Users\poona\.m2\repository\commons-logging\commons-logging\1.2\commons-logging-1.2.jar;C:\Users\poona\.m2\repository\org\apache\httpcomponents\httpmime\4.5.2\httpmime-4.5.2.jar;C:\Users\poona\.m2\repository\com\google\code\gson\gson\2.8.6\gson-2.8.6.jar;C:\Users\poona\.m2\repository\org\mongodb\mongodb-driver\3.12.0\mongodb-driver-3.12.0.jar;C:\Users\poona\.m2\repository\org\mongodb\mongodb-driver-core\3.12.0\mongodb-driver-core-3.12.0.jar;C:\Users\poona\.m2\repository\org\mongodb\bson\3.12.0\bson-3.12.0.jar;C:\Users\poona\.m2\repository\org\apache\logging\log4j\log4j-api\2.13.1\log4j-api-2.13.1.jar;C:\Users\poona\.m2\repository\org\apache\logging\log4j\log4j-core\2.13.1\log4j-core-2.13.1.jar;"/>
    <property name="java.vm.vendor" value="Oracle Corporation"/>
    <property name="sun.arch.data.model" value="64"/>
    <property name="user.variant" value=""/>
    <property name="java.vendor.url" value="https://java.oracle.com/"/>
    <property name="user.timezone" value="America/Toronto"/>
    <property name="os.name" value="Windows 10"/>
    <property name="java.vm.specification.version" value="13"/>
    <property name="sun.java.launcher" value="SUN_STANDARD"/>
    <property name="user.country" value="CA"/>
    <property name="sun.boot.library.path" value="C:\Program Files\Java\jdk-13.0.1\bin"/>
    <property name="sun.java.command" value="C:\Users\poona\AppData\Local\Temp\surefire14396200584656989339\surefirebooter8317567580097775926.jar C:\Users\poona\AppData\Local\Temp\surefire14396200584656989339 2020-04-19T17-55-57_059-jvmRun1 surefire16380665949611545948tmp surefire_014182344817794680120tmp"/>
    <property name="jdk.debug" value="release"/>
    <property name="surefire.test.class.path" value="C:\Users\poona\IdeaProjects\selbatch19\target\test-classes;C:\Users\poona\IdeaProjects\selbatch19\target\classes;C:\Users\poona\.m2\repository\org\testng\testng\6.14.3\testng-6.14.3.jar;C:\Users\poona\.m2\repository\com\beust\jcommander\1.72\jcommander-1.72.jar;C:\Users\poona\.m2\repository\org\apache-extras\beanshell\bsh\2.0b6\bsh-2.0b6.jar;C:\Users\poona\.m2\repository\org\seleniumhq\selenium\selenium-java\3.141.5\selenium-java-3.141.5.jar;C:\Users\poona\.m2\repository\org\seleniumhq\selenium\selenium-api\3.141.5\selenium-api-3.141.5.jar;C:\Users\poona\.m2\repository\org\seleniumhq\selenium\selenium-chrome-driver\3.141.5\selenium-chrome-driver-3.141.5.jar;C:\Users\poona\.m2\repository\org\seleniumhq\selenium\selenium-edge-driver\3.141.5\selenium-edge-driver-3.141.5.jar;C:\Users\poona\.m2\repository\org\seleniumhq\selenium\selenium-firefox-driver\3.141.5\selenium-firefox-driver-3.141.5.jar;C:\Users\poona\.m2\repository\org\seleniumhq\selenium\selenium-ie-driver\3.141.5\selenium-ie-driver-3.141.5.jar;C:\Users\poona\.m2\repository\org\seleniumhq\selenium\selenium-opera-driver\3.141.5\selenium-opera-driver-3.141.5.jar;C:\Users\poona\.m2\repository\org\seleniumhq\selenium\selenium-remote-driver\3.141.5\selenium-remote-driver-3.141.5.jar;C:\Users\poona\.m2\repository\org\seleniumhq\selenium\selenium-safari-driver\3.141.5\selenium-safari-driver-3.141.5.jar;C:\Users\poona\.m2\repository\org\seleniumhq\selenium\selenium-support\3.141.5\selenium-support-3.141.5.jar;C:\Users\poona\.m2\repository\net\bytebuddy\byte-buddy\1.8.15\byte-buddy-1.8.15.jar;C:\Users\poona\.m2\repository\org\apache\commons\commons-exec\1.3\commons-exec-1.3.jar;C:\Users\poona\.m2\repository\com\google\guava\guava\25.0-jre\guava-25.0-jre.jar;C:\Users\poona\.m2\repository\com\google\code\findbugs\jsr305\1.3.9\jsr305-1.3.9.jar;C:\Users\poona\.m2\repository\org\checkerframework\checker-compat-qual\2.0.0\checker-compat-qual-2.0.0.jar;C:\Users\poona\.m2\repository\com\google\errorprone\error_prone_annotations\2.1.3\error_prone_annotations-2.1.3.jar;C:\Users\poona\.m2\repository\com\google\j2objc\j2objc-annotations\1.1\j2objc-annotations-1.1.jar;C:\Users\poona\.m2\repository\org\codehaus\mojo\animal-sniffer-annotations\1.14\animal-sniffer-annotations-1.14.jar;C:\Users\poona\.m2\repository\com\squareup\okhttp3\okhttp\3.11.0\okhttp-3.11.0.jar;C:\Users\poona\.m2\repository\com\squareup\okio\okio\1.14.0\okio-1.14.0.jar;C:\Users\poona\.m2\repository\org\apache\poi\poi\4.1.2\poi-4.1.2.jar;C:\Users\poona\.m2\repository\commons-codec\commons-codec\1.13\commons-codec-1.13.jar;C:\Users\poona\.m2\repository\org\apache\commons\commons-collections4\4.4\commons-collections4-4.4.jar;C:\Users\poona\.m2\repository\org\apache\commons\commons-math3\3.6.1\commons-math3-3.6.1.jar;C:\Users\poona\.m2\repository\com\zaxxer\SparseBitSet\1.2\SparseBitSet-1.2.jar;C:\Users\poona\.m2\repository\org\apache\poi\poi-ooxml\4.1.2\poi-ooxml-4.1.2.jar;C:\Users\poona\.m2\repository\org\apache\poi\poi-ooxml-schemas\4.1.2\poi-ooxml-schemas-4.1.2.jar;C:\Users\poona\.m2\repository\org\apache\xmlbeans\xmlbeans\3.1.0\xmlbeans-3.1.0.jar;C:\Users\poona\.m2\repository\org\apache\commons\commons-compress\1.19\commons-compress-1.19.jar;C:\Users\poona\.m2\repository\com\github\virtuald\curvesapi\1.06\curvesapi-1.06.jar;C:\Users\poona\.m2\repository\com\aventstack\extentreports\4.1.3\extentreports-4.1.3.jar;C:\Users\poona\.m2\repository\org\freemarker\freemarker\2.3.29\freemarker-2.3.29.jar;C:\Users\poona\.m2\repository\org\apache\httpcomponents\httpclient\4.5.2\httpclient-4.5.2.jar;C:\Users\poona\.m2\repository\org\apache\httpcomponents\httpcore\4.4.4\httpcore-4.4.4.jar;C:\Users\poona\.m2\repository\commons-logging\commons-logging\1.2\commons-logging-1.2.jar;C:\Users\poona\.m2\repository\org\apache\httpcomponents\httpmime\4.5.2\httpmime-4.5.2.jar;C:\Users\poona\.m2\repository\com\google\code\gson\gson\2.8.6\gson-2.8.6.jar;C:\Users\poona\.m2\repository\org\mongodb\mongodb-driver\3.12.0\mongodb-driver-3.12.0.jar;C:\Users\poona\.m2\repository\org\mongodb\mongodb-driver-core\3.12.0\mongodb-driver-core-3.12.0.jar;C:\Users\poona\.m2\repository\org\mongodb\bson\3.12.0\bson-3.12.0.jar;C:\Users\poona\.m2\repository\org\apache\logging\log4j\log4j-api\2.13.1\log4j-api-2.13.1.jar;C:\Users\poona\.m2\repository\org\apache\logging\log4j\log4j-core\2.13.1\log4j-core-2.13.1.jar;"/>
    <property name="sun.cpu.endian" value="little"/>
    <property name="user.home" value="C:\Users\poona"/>
    <property name="user.language" value="en"/>
    <property name="java.specification.vendor" value="Oracle Corporation"/>
    <property name="java.version.date" value="2019-10-15"/>
    <property name="java.home" value="C:\Program Files\Java\jdk-13.0.1"/>
    <property name="file.separator" value="\"/>
    <property name="basedir" value="C:\Users\poona\IdeaProjects\selbatch19"/>
    <property name="java.vm.compressedOopsMode" value="32-bit"/>
    <property name="line.separator" value="&#10;"/>
    <property name="java.vm.specification.vendor" value="Oracle Corporation"/>
    <property name="java.specification.name" value="Java Platform API Specification"/>
    <property name="surefire.real.class.path" value="C:\Users\poona\AppData\Local\Temp\surefire14396200584656989339\surefirebooter8317567580097775926.jar"/>
    <property name="user.script" value=""/>
    <property name="sun.management.compiler" value="HotSpot 64-Bit Tiered Compilers"/>
    <property name="java.runtime.version" value="13.0.1+9"/>
    <property name="user.name" value="poona"/>
    <property name="path.separator" value=";"/>
    <property name="os.version" value="10.0"/>
    <property name="java.runtime.name" value="Java(TM) SE Runtime Environment"/>
    <property name="file.encoding" value="Cp1252"/>
    <property name="java.vm.name" value="Java HotSpot(TM) 64-Bit Server VM"/>
    <property name="localRepository" value="C:\Users\poona\.m2\repository"/>
    <property name="java.vendor.url.bug" value="https://bugreport.java.com/bugreport/"/>
    <property name="java.io.tmpdir" value="C:\Users\poona\AppData\Local\Temp\"/>
    <property name="java.version" value="13.0.1"/>
    <property name="user.dir" value="C:\Users\poona\IdeaProjects\selbatch19"/>
    <property name="os.arch" value="amd64"/>
    <property name="java.vm.specification.name" value="Java Virtual Machine Specification"/>
    <property name="sun.os.patch.level" value=""/>
    <property name="java.library.path" value="C:\Program Files\Java\jdk-13.0.1\bin;C:\Windows\Sun\Java\bin;C:\Windows\system32;C:\Windows;C:\Program Files (x86)\Common Files\Oracle\Java\javapath;&quot;C:\Program Files (x86)\Common Files\Oracle\Java\javapath\;C:\Program Files\Java\jdk-13.0.1\bin;C:\Program Files\Java\jre1.8.0_231\bin&quot;;C:\Windows\system32;C:\Windows;C:\Windows\System32\Wbem;C:\Windows\System32\WindowsPowerShell\v1.0\;C:\Windows\System32\OpenSSH\;C:\Program Files\Intel\WiFi\bin\;C:\Program Files\Common Files\Intel\WirelessCommon\;C:\Program Files (x86)\nodejs\;C:\Program Files\Git\cmd;C:\Program Files\PuTTY\;%MAVEN_HOME%\bin;C:\Program Files (x86)\Intel\Intel(R) Management Engine Components\DAL;C:\Program Files\Intel\Intel(R) Management Engine Components\DAL;C:\Program Files\Java\jdk-13.0.1\bin;C:\Users\poona\AppData\Local\Programs\Microsoft VS Code\bin;C:\Users\poona\AppData\Roaming\Dashlane\6.2004.0.32112\bin\Firefox_Extension\{442718d9-475e-452a-b3e1-fb1ee16b8e9f}\components;C:\Users\poona\AppData\Roaming\Dashlane\6.2004.0.32112\ucrt;C:\Users\poona\AppData\Roaming\Dashlane\6.2004.0.32112\bin\Qt;C:\Users\poona\AppData\Roaming\Dashlane\6.2004.0.32112\ucrt;C:\Users\poona\AppData\Roaming\Dashlane\6.2004.0.32112\bin\Ssl;C:\Users\poona\Desktop\apache-maven-3.6.3-bin\apache-maven-3.6.3\bin;;."/>
    <property name="java.vm.info" value="mixed mode, sharing"/>
    <property name="java.vendor" value="Oracle Corporation"/>
    <property name="java.vm.version" value="13.0.1+9"/>
    <property name="sun.io.unicode.encoding" value="UnicodeLittle"/>
    <property name="java.class.version" value="57.0"/>
  </properties>
  <testcase name="setUp" classname="co.pragra.learning.fullstackqa.b15framework.testcases.TopNavBarTest" time="12.154">
    <failure message="The driver executable does not exist: C:\Automation\chromedriver" type="java.lang.IllegalStateException"><![CDATA[java.lang.IllegalStateException: The driver executable does not exist: C:\Automation\chromedriver
]]></failure>
    <system-out><![CDATA[target\reports\Report.html
]]></system-out>
    <system-err><![CDATA[Starting ChromeDriver 80.0.3987.106 (f68069574609230cf9b635cd784cfb1bf81bb53a-refs/branch-heads/3987@{#882}) on port 22818
Only local connections are allowed.
Please protect ports used by ChromeDriver and related test frameworks to prevent access by malicious code.
Apr. 19, 2020 5:56:02 P.M. org.openqa.selenium.remote.ProtocolHandshake createSession
INFO: Detected dialect: W3C
[1587333362.652][SEVERE]: Timed out receiving message from renderer: 0.100
[1587333362.966][SEVERE]: Timed out receiving message from renderer: 0.100
[1587333363.480][SEVERE]: Timed out receiving message from renderer: 0.100
[1587333364.060][SEVERE]: Timed out receiving message from renderer: 0.100
[1587333364.567][SEVERE]: Timed out receiving message from renderer: 0.100
[1587333365.217][SEVERE]: Timed out receiving message from renderer: 0.100
[1587333365.318][SEVERE]: Timed out receiving message from renderer: 0.100
[1587333365.425][SEVERE]: Timed out receiving message from renderer: 0.100
[1587333365.530][SEVERE]: Timed out receiving message from renderer: 0.100
[1587333365.636][SEVERE]: Timed out receiving message from renderer: 0.100
[1587333365.740][SEVERE]: Timed out receiving message from renderer: 0.100
[1587333365.855][SEVERE]: Timed out receiving message from renderer: 0.100
[1587333365.961][SEVERE]: Timed out receiving message from renderer: 0.100
[1587333366.064][SEVERE]: Timed out receiving message from renderer: 0.100
[1587333366.167][SEVERE]: Timed out receiving message from renderer: 0.100
[1587333366.268][SEVERE]: Timed out receiving message from renderer: 0.100
[1587333366.372][SEVERE]: Timed out receiving message from renderer: 0.100
[1587333366.476][SEVERE]: Timed out receiving message from renderer: 0.100
[1587333366.577][SEVERE]: Timed out receiving message from renderer: 0.100
[1587333366.710][SEVERE]: Timed out receiving message from renderer: 0.100
[1587333366.812][SEVERE]: Timed out receiving message from renderer: 0.100
[1587333366.916][SEVERE]: Timed out receiving message from renderer: 0.100
[1587333367.019][SEVERE]: Timed out receiving message from renderer: 0.100
[1587333367.128][SEVERE]: Timed out receiving message from renderer: 0.100
[1587333367.231][SEVERE]: Timed out receiving message from renderer: 0.100
[1587333367.334][SEVERE]: Timed out receiving message from renderer: 0.100
[1587333367.554][SEVERE]: Timed out receiving message from renderer: 0.100
[1587333367.661][SEVERE]: Timed out receiving message from renderer: 0.100
[1587333367.765][SEVERE]: Timed out receiving message from renderer: 0.100
[1587333367.868][SEVERE]: Timed out receiving message from renderer: 0.100
[1587333367.971][SEVERE]: Timed out receiving message from renderer: 0.100
[1587333368.634][SEVERE]: Timed out receiving message from renderer: 0.100
[1587333368.737][SEVERE]: Timed out receiving message from renderer: 0.100
[1587333368.841][SEVERE]: Timed out receiving message from renderer: 0.100
[1587333368.944][SEVERE]: Timed out receiving message from renderer: 0.100
[1587333369.048][SEVERE]: Timed out receiving message from renderer: 0.100
[1587333369.154][SEVERE]: Timed out receiving message from renderer: 0.100
[1587333369.259][SEVERE]: Timed out receiving message from renderer: 0.100
[1587333369.367][SEVERE]: Timed out receiving message from renderer: 0.100
]]></system-err>
  </testcase>
  <testcase name="ContactSales" classname="co.pragra.learning.fullstackqa.b15framework.testcases.TopNavBarTest" time="0">
    <skipped message="The driver executable does not exist: C:\Automation\chromedriver"/>
  </testcase>
  <testcase name="JoinMeeting" classname="co.pragra.learning.fullstackqa.b15framework.testcases.TopNavBarTest" time="0">
    <skipped message="The driver executable does not exist: C:\Automation\chromedriver"/>
  </testcase>
  <testcase name="PlanPricing" classname="co.pragra.learning.fullstackqa.b15framework.testcases.TopNavBarTest" time="0">
    <skipped message="The driver executable does not exist: C:\Automation\chromedriver"/>
  </testcase>
  <testcase name="clickOnDownloadZoom" classname="co.pragra.learning.fullstackqa.b15framework.testcases.TopNavBarTest" time="0">
    <skipped message="The driver executable does not exist: C:\Automation\chromedriver"/>
  </testcase>
  <testcase name="signInTest" classname="co.pragra.learning.fullstackqa.b15framework.testcases.TopNavBarTest" time="0">
    <skipped message="The driver executable does not exist: C:\Automation\chromedriver"/>
  </testcase>
  <testcase name="testClickOnBlog" classname="co.pragra.learning.fullstackqa.b15framework.testcases.TopNavBarTest" time="0">
    <skipped message="The driver executable does not exist: C:\Automation\chromedriver"/>
  </testcase>
  <testcase name="testClickOnFaq" classname="co.pragra.learning.fullstackqa.b15framework.testcases.TopNavBarTest" time="0">
    <skipped message="The driver executable does not exist: C:\Automation\chromedriver"/>
  </testcase>
  <testcase name="testClickOnLiveTraining" classname="co.pragra.learning.fullstackqa.b15framework.testcases.TopNavBarTest" time="0">
    <skipped message="The driver executable does not exist: C:\Automation\chromedriver"/>
  </testcase>
  <testcase name="testClickOnRequestDemo" classname="co.pragra.learning.fullstackqa.b15framework.testcases.TopNavBarTest" time="0">
    <skipped message="The driver executable does not exist: C:\Automation\chromedriver"/>
  </testcase>
  <testcase name="testClickOnSupport" classname="co.pragra.learning.fullstackqa.b15framework.testcases.TopNavBarTest" time="0">
    <skipped message="The driver executable does not exist: C:\Automation\chromedriver"/>
  </testcase>
  <testcase name="testClickOnVideoTutorial" classname="co.pragra.learning.fullstackqa.b15framework.testcases.TopNavBarTest" time="0">
    <skipped message="The driver executable does not exist: C:\Automation\chromedriver"/>
  </testcase>
  <testcase name="testClickOnWebinarsEvents" classname="co.pragra.learning.fullstackqa.b15framework.testcases.TopNavBarTest" time="0">
    <skipped message="The driver executable does not exist: C:\Automation\chromedriver"/>
  </testcase>
  <testcase name="tearDown" classname="co.pragra.learning.fullstackqa.b15framework.testcases.TopNavBarTest" time="0">
    <skipped/>
  </testcase>
  <testcase name="testBroser" classname="co.pragra.learning.fullstackqa.b15framework.testcases.HomePageTest" time="0">
    <skipped message="The driver executable does not exist: C:\Automation\chromedriver"/>
  </testcase>
</testsuite>